<?xml version="1.0" encoding="UTF-8"?>
<!-- Generated by org.testng.reporters.JUnitXMLReporter -->
<testsuite ignored="0" hostname="LAPTOP-U0FAR30F" failures="0" tests="4" name="Web Application Test" time="18.345" errors="0" timestamp="2022-11-16T13:34:40 IST">
  <testcase classname="com.crm.qa.testcases.VerifyIteraLogoTest" name="verifylogoTest" time="0.084"/>
  <testcase classname="com.crm.qa.testcases.VerifyIteraLogoTest" name="verifyPageTitle" time="0.016"/>
  <testcase classname="com.crm.qa.testcases.VerifySignUpPageTest" name="verifyAlltheFields" time="1.804"/>
  <testcase classname="com.crm.qa.testcases.VerifyRadioBottonAndCheckBoxTest" name="verifyAllCheckBox" time="1.089"/>
</testsuite> <!-- Web Application Test -->
