<?xml version="1.0" encoding="UTF-8"?>
<testng-results ignored="0" total="6" passed="6" failed="0" skipped="0">
  <reporter-output>
  </reporter-output>
  <suite started-at="2022-11-18T22:54:32 IST" name="Automation Suite" finished-at="2022-11-18T22:54:50 IST" duration-ms="18259">
    <groups>
    </groups>
    <test started-at="2022-11-18T22:54:32 IST" name="Web Application Test" finished-at="2022-11-18T22:54:50 IST" duration-ms="18259">
      <class name="com.crm.qa.testcases.VerifyIteraLogoTest">
        <test-method is-config="true" signature="setUp()[pri:0, instance:com.crm.qa.testcases.VerifyIteraLogoTest@41e36e46]" started-at="2022-11-18T22:54:32 IST" name="setUp" finished-at="2022-11-18T22:54:35 IST" duration-ms="3144" status="PASS">
          <reporter-output>
          </reporter-output>
        </test-method> <!-- setUp -->
        <test-method signature="verifylogoTest()[pri:1, instance:com.crm.qa.testcases.VerifyIteraLogoTest@41e36e46]" started-at="2022-11-18T22:54:35 IST" name="verifylogoTest" finished-at="2022-11-18T22:54:35 IST" duration-ms="38" status="PASS">
          <reporter-output>
          </reporter-output>
        </test-method> <!-- verifylogoTest -->
        <test-method is-config="true" signature="tearDown()[pri:0, instance:com.crm.qa.testcases.VerifyIteraLogoTest@41e36e46]" started-at="2022-11-18T22:54:35 IST" name="tearDown" finished-at="2022-11-18T22:54:35 IST" duration-ms="125" status="PASS">
          <reporter-output>
          </reporter-output>
        </test-method> <!-- tearDown -->
        <test-method is-config="true" signature="setUp()[pri:0, instance:com.crm.qa.testcases.VerifyIteraLogoTest@41e36e46]" started-at="2022-11-18T22:54:35 IST" name="setUp" finished-at="2022-11-18T22:54:38 IST" duration-ms="2459" status="PASS">
          <reporter-output>
          </reporter-output>
        </test-method> <!-- setUp -->
        <test-method signature="verifyPageTitle()[pri:2, instance:com.crm.qa.testcases.VerifyIteraLogoTest@41e36e46]" started-at="2022-11-18T22:54:38 IST" name="verifyPageTitle" finished-at="2022-11-18T22:54:38 IST" duration-ms="7" status="PASS">
          <reporter-output>
          </reporter-output>
        </test-method> <!-- verifyPageTitle -->
        <test-method is-config="true" signature="tearDown()[pri:0, instance:com.crm.qa.testcases.VerifyIteraLogoTest@41e36e46]" started-at="2022-11-18T22:54:38 IST" name="tearDown" finished-at="2022-11-18T22:54:38 IST" duration-ms="122" status="PASS">
          <reporter-output>
          </reporter-output>
        </test-method> <!-- tearDown -->
      </class> <!-- com.crm.qa.testcases.VerifyIteraLogoTest -->
      <class name="com.crm.qa.testcases.VerifySignUpPageTest">
        <test-method is-config="true" signature="setUp()[pri:0, instance:com.crm.qa.testcases.VerifySignUpPageTest@43195e57]" started-at="2022-11-18T22:54:38 IST" name="setUp" finished-at="2022-11-18T22:54:40 IST" duration-ms="2479" status="PASS">
          <reporter-output>
          </reporter-output>
        </test-method> <!-- setUp -->
        <test-method signature="verifyAlltheFields()[pri:1, instance:com.crm.qa.testcases.VerifySignUpPageTest@43195e57]" started-at="2022-11-18T22:54:40 IST" name="verifyAlltheFields" finished-at="2022-11-18T22:54:41 IST" duration-ms="703" status="PASS">
          <reporter-output>
          </reporter-output>
        </test-method> <!-- verifyAlltheFields -->
        <test-method is-config="true" signature="tearDown()[pri:0, instance:com.crm.qa.testcases.VerifySignUpPageTest@43195e57]" started-at="2022-11-18T22:54:41 IST" name="tearDown" finished-at="2022-11-18T22:54:41 IST" duration-ms="118" status="PASS">
          <reporter-output>
          </reporter-output>
        </test-method> <!-- tearDown -->
      </class> <!-- com.crm.qa.testcases.VerifySignUpPageTest -->
      <class name="com.crm.qa.testcases.TC_04_VerifySelectDropDownTest">
        <test-method is-config="true" signature="setup()[pri:0, instance:com.crm.qa.testcases.TC_04_VerifySelectDropDownTest@479d31f3]" started-at="2022-11-18T22:54:45 IST" name="setup" finished-at="2022-11-18T22:54:47 IST" duration-ms="2506" status="PASS">
          <reporter-output>
          </reporter-output>
        </test-method> <!-- setup -->
        <test-method signature="VerifyseletdropdownTest()[pri:1, instance:com.crm.qa.testcases.TC_04_VerifySelectDropDownTest@479d31f3]" started-at="2022-11-18T22:54:47 IST" name="VerifyseletdropdownTest" finished-at="2022-11-18T22:54:47 IST" duration-ms="100" status="PASS">
          <reporter-output>
          </reporter-output>
        </test-method> <!-- VerifyseletdropdownTest -->
        <test-method is-config="true" signature="teardown()[pri:0, instance:com.crm.qa.testcases.TC_04_VerifySelectDropDownTest@479d31f3]" started-at="2022-11-18T22:54:47 IST" name="teardown" finished-at="2022-11-18T22:54:47 IST" duration-ms="128" status="PASS">
          <reporter-output>
          </reporter-output>
        </test-method> <!-- teardown -->
        <test-method is-config="true" signature="setup()[pri:0, instance:com.crm.qa.testcases.TC_04_VerifySelectDropDownTest@479d31f3]" started-at="2022-11-18T22:54:47 IST" name="setup" finished-at="2022-11-18T22:54:50 IST" duration-ms="2483" status="PASS">
          <reporter-output>
          </reporter-output>
        </test-method> <!-- setup -->
        <test-method signature="VerifyWithoutUsingSelectMethods()[pri:2, instance:com.crm.qa.testcases.TC_04_VerifySelectDropDownTest@479d31f3]" started-at="2022-11-18T22:54:50 IST" name="VerifyWithoutUsingSelectMethods" finished-at="2022-11-18T22:54:50 IST" duration-ms="146" status="PASS">
          <reporter-output>
          </reporter-output>
        </test-method> <!-- VerifyWithoutUsingSelectMethods -->
        <test-method is-config="true" signature="teardown()[pri:0, instance:com.crm.qa.testcases.TC_04_VerifySelectDropDownTest@479d31f3]" started-at="2022-11-18T22:54:50 IST" name="teardown" finished-at="2022-11-18T22:54:50 IST" duration-ms="127" status="PASS">
          <reporter-output>
          </reporter-output>
        </test-method> <!-- teardown -->
      </class> <!-- com.crm.qa.testcases.TC_04_VerifySelectDropDownTest -->
      <class name="com.crm.qa.testcases.VerifyRadioBottonAndCheckBoxTest">
        <test-method is-config="true" signature="setup()[pri:0, instance:com.crm.qa.testcases.VerifyRadioBottonAndCheckBoxTest@333291e3]" started-at="2022-11-18T22:54:41 IST" name="setup" finished-at="2022-11-18T22:54:44 IST" duration-ms="2911" status="PASS">
          <reporter-output>
          </reporter-output>
        </test-method> <!-- setup -->
        <test-method signature="verifyAllCheckBox()[pri:2, instance:com.crm.qa.testcases.VerifyRadioBottonAndCheckBoxTest@333291e3]" started-at="2022-11-18T22:54:44 IST" name="verifyAllCheckBox" finished-at="2022-11-18T22:54:44 IST" duration-ms="509" status="PASS">
          <reporter-output>
          </reporter-output>
        </test-method> <!-- verifyAllCheckBox -->
        <test-method is-config="true" signature="tearDown()[pri:0, instance:com.crm.qa.testcases.VerifyRadioBottonAndCheckBoxTest@333291e3]" started-at="2022-11-18T22:54:44 IST" name="tearDown" finished-at="2022-11-18T22:54:45 IST" duration-ms="118" status="PASS">
          <reporter-output>
          </reporter-output>
        </test-method> <!-- tearDown -->
      </class> <!-- com.crm.qa.testcases.VerifyRadioBottonAndCheckBoxTest -->
    </test> <!-- Web Application Test -->
  </suite> <!-- Automation Suite -->
</testng-results>
