<?xml version="1.0" encoding="UTF-8"?>
<testng-results ignored="0" total="7" passed="7" failed="0" skipped="0">
  <reporter-output>
  </reporter-output>
  <suite started-at="2022-11-20T20:17:27 IST" name="Automation Suite" finished-at="2022-11-20T20:18:04 IST" duration-ms="36971">
    <groups>
    </groups>
    <test started-at="2022-11-20T20:17:27 IST" name="Web Application Test" finished-at="2022-11-20T20:18:04 IST" duration-ms="36971">
      <class name="com.crm.qa.testcases.TC_05_VerifyRadioButtonAndCheckBoxTest">
        <test-method is-config="true" signature="setup()[pri:0, instance:com.crm.qa.testcases.TC_05_VerifyRadioButtonAndCheckBoxTest@6e171cd7]" started-at="2022-11-20T20:17:49 IST" name="setup" finished-at="2022-11-20T20:17:53 IST" duration-ms="3491" status="PASS">
          <reporter-output>
          </reporter-output>
        </test-method> <!-- setup -->
        <test-method signature="clickOnTwoCheckBoxTest()[pri:2, instance:com.crm.qa.testcases.TC_05_VerifyRadioButtonAndCheckBoxTest@6e171cd7]" started-at="2022-11-20T20:17:53 IST" name="clickOnTwoCheckBoxTest" finished-at="2022-11-20T20:18:04 IST" duration-ms="11354" status="PASS">
          <reporter-output>
          </reporter-output>
        </test-method> <!-- clickOnTwoCheckBoxTest -->
        <test-method is-config="true" signature="teardown()[pri:0, instance:com.crm.qa.testcases.TC_05_VerifyRadioButtonAndCheckBoxTest@6e171cd7]" started-at="2022-11-20T20:18:04 IST" name="teardown" finished-at="2022-11-20T20:18:04 IST" duration-ms="239" status="PASS">
          <reporter-output>
          </reporter-output>
        </test-method> <!-- teardown -->
      </class> <!-- com.crm.qa.testcases.TC_05_VerifyRadioButtonAndCheckBoxTest -->
      <class name="com.crm.qa.testcases.VerifyIteraLogoTest">
        <test-method is-config="true" signature="setUp()[pri:0, instance:com.crm.qa.testcases.VerifyIteraLogoTest@3d74bf60]" started-at="2022-11-20T20:17:27 IST" name="setUp" finished-at="2022-11-20T20:17:31 IST" duration-ms="3752" status="PASS">
          <reporter-output>
          </reporter-output>
        </test-method> <!-- setUp -->
        <test-method signature="verifylogoTest()[pri:1, instance:com.crm.qa.testcases.VerifyIteraLogoTest@3d74bf60]" started-at="2022-11-20T20:17:31 IST" name="verifylogoTest" finished-at="2022-11-20T20:17:31 IST" duration-ms="77" status="PASS">
          <reporter-output>
          </reporter-output>
        </test-method> <!-- verifylogoTest -->
        <test-method is-config="true" signature="tearDown()[pri:0, instance:com.crm.qa.testcases.VerifyIteraLogoTest@3d74bf60]" started-at="2022-11-20T20:17:31 IST" name="tearDown" finished-at="2022-11-20T20:17:31 IST" duration-ms="168" status="PASS">
          <reporter-output>
          </reporter-output>
        </test-method> <!-- tearDown -->
        <test-method is-config="true" signature="setUp()[pri:0, instance:com.crm.qa.testcases.VerifyIteraLogoTest@3d74bf60]" started-at="2022-11-20T20:17:31 IST" name="setUp" finished-at="2022-11-20T20:17:35 IST" duration-ms="3696" status="PASS">
          <reporter-output>
          </reporter-output>
        </test-method> <!-- setUp -->
        <test-method signature="verifyPageTitle()[pri:2, instance:com.crm.qa.testcases.VerifyIteraLogoTest@3d74bf60]" started-at="2022-11-20T20:17:35 IST" name="verifyPageTitle" finished-at="2022-11-20T20:17:35 IST" duration-ms="12" status="PASS">
          <reporter-output>
          </reporter-output>
        </test-method> <!-- verifyPageTitle -->
        <test-method is-config="true" signature="tearDown()[pri:0, instance:com.crm.qa.testcases.VerifyIteraLogoTest@3d74bf60]" started-at="2022-11-20T20:17:35 IST" name="tearDown" finished-at="2022-11-20T20:17:35 IST" duration-ms="126" status="PASS">
          <reporter-output>
          </reporter-output>
        </test-method> <!-- tearDown -->
      </class> <!-- com.crm.qa.testcases.VerifyIteraLogoTest -->
      <class name="com.crm.qa.testcases.VerifySignUpPageTest">
        <test-method is-config="true" signature="setUp()[pri:0, instance:com.crm.qa.testcases.VerifySignUpPageTest@479d31f3]" started-at="2022-11-20T20:17:35 IST" name="setUp" finished-at="2022-11-20T20:17:38 IST" duration-ms="2833" status="PASS">
          <reporter-output>
          </reporter-output>
        </test-method> <!-- setUp -->
        <test-method signature="verifyAlltheFields()[pri:1, instance:com.crm.qa.testcases.VerifySignUpPageTest@479d31f3]" started-at="2022-11-20T20:17:38 IST" name="verifyAlltheFields" finished-at="2022-11-20T20:17:39 IST" duration-ms="953" status="PASS">
          <reporter-output>
          </reporter-output>
        </test-method> <!-- verifyAlltheFields -->
        <test-method is-config="true" signature="tearDown()[pri:0, instance:com.crm.qa.testcases.VerifySignUpPageTest@479d31f3]" started-at="2022-11-20T20:17:39 IST" name="tearDown" finished-at="2022-11-20T20:17:39 IST" duration-ms="164" status="PASS">
          <reporter-output>
          </reporter-output>
        </test-method> <!-- tearDown -->
      </class> <!-- com.crm.qa.testcases.VerifySignUpPageTest -->
      <class name="com.crm.qa.testcases.TC_04_VerifySelectDropDownTest">
        <test-method is-config="true" signature="setup()[pri:0, instance:com.crm.qa.testcases.TC_04_VerifySelectDropDownTest@498d318c]" started-at="2022-11-20T20:17:43 IST" name="setup" finished-at="2022-11-20T20:17:46 IST" duration-ms="2822" status="PASS">
          <reporter-output>
          </reporter-output>
        </test-method> <!-- setup -->
        <test-method signature="VerifyseletdropdownTest()[pri:1, instance:com.crm.qa.testcases.TC_04_VerifySelectDropDownTest@498d318c]" started-at="2022-11-20T20:17:46 IST" name="VerifyseletdropdownTest" finished-at="2022-11-20T20:17:46 IST" duration-ms="123" status="PASS">
          <reporter-output>
          </reporter-output>
        </test-method> <!-- VerifyseletdropdownTest -->
        <test-method is-config="true" signature="teardown()[pri:0, instance:com.crm.qa.testcases.TC_04_VerifySelectDropDownTest@498d318c]" started-at="2022-11-20T20:17:46 IST" name="teardown" finished-at="2022-11-20T20:17:46 IST" duration-ms="153" status="PASS">
          <reporter-output>
          </reporter-output>
        </test-method> <!-- teardown -->
        <test-method is-config="true" signature="setup()[pri:0, instance:com.crm.qa.testcases.TC_04_VerifySelectDropDownTest@498d318c]" started-at="2022-11-20T20:17:46 IST" name="setup" finished-at="2022-11-20T20:17:49 IST" duration-ms="2872" status="PASS">
          <reporter-output>
          </reporter-output>
        </test-method> <!-- setup -->
        <test-method signature="VerifyWithoutUsingSelectMethods()[pri:2, instance:com.crm.qa.testcases.TC_04_VerifySelectDropDownTest@498d318c]" started-at="2022-11-20T20:17:49 IST" name="VerifyWithoutUsingSelectMethods" finished-at="2022-11-20T20:17:49 IST" duration-ms="210" status="PASS">
          <reporter-output>
          </reporter-output>
        </test-method> <!-- VerifyWithoutUsingSelectMethods -->
        <test-method is-config="true" signature="teardown()[pri:0, instance:com.crm.qa.testcases.TC_04_VerifySelectDropDownTest@498d318c]" started-at="2022-11-20T20:17:49 IST" name="teardown" finished-at="2022-11-20T20:17:49 IST" duration-ms="145" status="PASS">
          <reporter-output>
          </reporter-output>
        </test-method> <!-- teardown -->
      </class> <!-- com.crm.qa.testcases.TC_04_VerifySelectDropDownTest -->
      <class name="com.crm.qa.testcases.VerifyRadioBottonAndCheckBoxTest">
        <test-method is-config="true" signature="setup()[pri:0, instance:com.crm.qa.testcases.VerifyRadioBottonAndCheckBoxTest@40ef3420]" started-at="2022-11-20T20:17:39 IST" name="setup" finished-at="2022-11-20T20:17:42 IST" duration-ms="2813" status="PASS">
          <reporter-output>
          </reporter-output>
        </test-method> <!-- setup -->
        <test-method signature="verifyAllCheckBox()[pri:2, instance:com.crm.qa.testcases.VerifyRadioBottonAndCheckBoxTest@40ef3420]" started-at="2022-11-20T20:17:42 IST" name="verifyAllCheckBox" finished-at="2022-11-20T20:17:43 IST" duration-ms="737" status="PASS">
          <reporter-output>
          </reporter-output>
        </test-method> <!-- verifyAllCheckBox -->
        <test-method is-config="true" signature="tearDown()[pri:0, instance:com.crm.qa.testcases.VerifyRadioBottonAndCheckBoxTest@40ef3420]" started-at="2022-11-20T20:17:43 IST" name="tearDown" finished-at="2022-11-20T20:17:43 IST" duration-ms="184" status="PASS">
          <reporter-output>
          </reporter-output>
        </test-method> <!-- tearDown -->
      </class> <!-- com.crm.qa.testcases.VerifyRadioBottonAndCheckBoxTest -->
    </test> <!-- Web Application Test -->
  </suite> <!-- Automation Suite -->
</testng-results>
