<?xml version="1.0" encoding="UTF-8"?>
<!-- Generated by org.testng.reporters.JUnitXMLReporter -->
<testsuite ignored="0" hostname="LAPTOP-U0FAR30F" failures="0" tests="6" name="Web Application Test" time="21.103" errors="0" timestamp="2022-11-18T22:53:35 IST">
  <testcase classname="com.crm.qa.testcases.VerifyIteraLogoTest" name="verifylogoTest" time="0.044"/>
  <testcase classname="com.crm.qa.testcases.VerifyIteraLogoTest" name="verifyPageTitle" time="0.011"/>
  <testcase classname="com.crm.qa.testcases.VerifySignUpPageTest" name="verifyAlltheFields" time="0.703"/>
  <testcase classname="com.crm.qa.testcases.VerifyRadioBottonAndCheckBoxTest" name="verifyAllCheckBox" time="0.494"/>
  <testcase classname="com.crm.qa.testcases.TC_04_VerifySelectDropDownTest" name="VerifyseletdropdownTest" time="0.105"/>
  <testcase classname="com.crm.qa.testcases.TC_04_VerifySelectDropDownTest" name="VerifyWithoutUsingSelectMethods" time="0.136"/>
</testsuite> <!-- Web Application Test -->
